<?xml version="1.0" encoding="UTF-8"?>
<!-- Generated by org.testng.reporters.JUnitXMLReporter -->
<testsuite ignored="5" hostname="DESKTOP-JCJ8HOK" failures="1" tests="2" name="Create PortifolioTest" time="21.42" errors="0" timestamp="12 Apr 2022 01:36:41 GMT">
  <testcase classname="testcases.Session" name="doLogin" time="18.92"/>
  <testcase classname="testcases.PortifolioManagement" name="createPortifolio" time="0.212">
    <failure type="java.lang.AssertionError" message="The following asserts failed:
	test is incorrect,
	Some non critical failure...">
      <![CDATA[java.lang.AssertionError: The following asserts failed:
test is incorrect,
Some non critical failure...
at keywords.GenericKeywords.assertAll(GenericKeywords.java:159)
at testcases.PortifolioManagement.createPortifolio(PortifolioManagement.java:15)
... Removed 26 stack frames]]>
    </failure>
  </testcase> <!-- createPortifolio -->
  <testcase classname="testcases.PortifolioManagement" name="deletePortifolio" time="0.0">
    <ignored/>
  </testcase> <!-- deletePortifolio -->
  <testcase classname="testcases.BaseTest" name="@BeforeTest beforeTest" time="0.0">
    <ignored/>
  </testcase> <!-- @BeforeTest beforeTest -->
  <testcase classname="testcases.Session" name="doLogout" time="0.0">
    <ignored/>
  </testcase> <!-- doLogout -->
  <testcase classname="testcases.BaseTest" name="@AfterTest quit" time="0.0">
    <ignored/>
  </testcase> <!-- @AfterTest quit -->
  <testcase classname="testcases.PortifolioManagement" name="modifyPortifolio" time="0.0">
    <ignored/>
  </testcase> <!-- modifyPortifolio -->
</testsuite> <!-- Create PortifolioTest -->
